2024-03-15T09:38:06.672+0800	[34mINFO[0m	clients/client_factory.go:47	logDir:<log>   cacheDir:<cache>
2024-03-15T09:55:23.909+0800	[34mINFO[0m	clients/client_factory.go:47	logDir:<log>   cacheDir:<cache>
2024-03-15T09:57:35.286+0800	[34mINFO[0m	clients/client_factory.go:47	logDir:<log>   cacheDir:<cache>
2024-03-15T11:53:32.114+0800	[34mINFO[0m	clients/client_factory.go:47	logDir:<log>   cacheDir:<cache>
2024-03-15T11:57:44.391+0800	[34mINFO[0m	clients/client_factory.go:47	logDir:<log>   cacheDir:<cache>
2024-03-15T11:58:59.451+0800	[34mINFO[0m	clients/client_factory.go:47	logDir:<log>   cacheDir:<cache>
2024-03-15T11:59:30.557+0800	[34mINFO[0m	clients/client_factory.go:47	logDir:<log>   cacheDir:<cache>
2024-03-15T11:59:43.611+0800	[34mINFO[0m	clients/client_factory.go:47	logDir:<log>   cacheDir:<cache>
2024-03-15T12:00:06.139+0800	[34mINFO[0m	clients/client_factory.go:47	logDir:<log>   cacheDir:<cache>
2024-03-15T14:01:18.266+0800	[34mINFO[0m	clients/client_factory.go:47	logDir:<log>   cacheDir:<cache>
2024-03-15T14:24:17.028+0800	[34mINFO[0m	clients/client_factory.go:47	logDir:<log>   cacheDir:<cache>
2024-03-15T14:25:30.689+0800	[34mINFO[0m	clients/client_factory.go:47	logDir:<log>   cacheDir:<cache>
2024-03-15T14:26:10.793+0800	[34mINFO[0m	clients/client_factory.go:47	logDir:<log>   cacheDir:<cache>
2024-03-15T14:40:21.152+0800	[34mINFO[0m	clients/client_factory.go:47	logDir:<log>   cacheDir:<cache>
2024-03-15T14:40:34.715+0800	[34mINFO[0m	clients/client_factory.go:47	logDir:<log>   cacheDir:<cache>
2024-03-15T14:41:27.904+0800	[34mINFO[0m	clients/client_factory.go:47	logDir:<log>   cacheDir:<cache>
2024-03-15T14:45:42.479+0800	[34mINFO[0m	clients/client_factory.go:47	logDir:<log>   cacheDir:<cache>
2024-03-15T14:46:57.542+0800	[34mINFO[0m	clients/client_factory.go:47	logDir:<log>   cacheDir:<cache>
2024-03-15T14:53:11.250+0800	[34mINFO[0m	clients/client_factory.go:47	logDir:<log>   cacheDir:<cache>
2024-03-15T14:55:15.060+0800	[34mINFO[0m	clients/client_factory.go:47	logDir:<log>   cacheDir:<cache>
2024-03-15T14:55:38.908+0800	[34mINFO[0m	clients/client_factory.go:47	logDir:<log>   cacheDir:<cache>
2024-03-15T15:01:37.275+0800	[34mINFO[0m	clients/client_factory.go:47	logDir:<log>   cacheDir:<cache>
2024-03-15T15:02:15.221+0800	[34mINFO[0m	clients/client_factory.go:47	logDir:<log>   cacheDir:<cache>
2024-03-15T15:02:39.099+0800	[34mINFO[0m	clients/client_factory.go:47	logDir:<log>   cacheDir:<cache>
2024-03-15T15:03:32.128+0800	[34mINFO[0m	clients/client_factory.go:47	logDir:<log>   cacheDir:<cache>
2024-03-15T15:05:14.462+0800	[34mINFO[0m	clients/client_factory.go:47	logDir:<log>   cacheDir:<cache>
2024-03-15T15:09:28.039+0800	[34mINFO[0m	clients/client_factory.go:47	logDir:<log>   cacheDir:<cache>
2024-03-15T15:09:43.673+0800	[34mINFO[0m	clients/client_factory.go:47	logDir:<log>   cacheDir:<cache>
2024-03-15T15:16:45.047+0800	[34mINFO[0m	clients/client_factory.go:47	logDir:<log>   cacheDir:<cache>
2024-03-15T15:17:08.670+0800	[34mINFO[0m	clients/client_factory.go:47	logDir:<log>   cacheDir:<cache>
2024-03-15T15:17:18.914+0800	[34mINFO[0m	clients/client_factory.go:47	logDir:<log>   cacheDir:<cache>
2024-03-15T16:13:31.786+0800	[34mINFO[0m	clients/client_factory.go:47	logDir:<log>   cacheDir:<cache>
2024-03-15T16:14:33.208+0800	[34mINFO[0m	clients/client_factory.go:47	logDir:<log>   cacheDir:<cache>
2024-03-15T16:16:28.118+0800	[34mINFO[0m	clients/client_factory.go:47	logDir:<log>   cacheDir:<cache>
2024-03-15T16:17:50.728+0800	[34mINFO[0m	clients/client_factory.go:47	logDir:<log>   cacheDir:<cache>
2024-03-15T16:19:29.844+0800	[34mINFO[0m	clients/client_factory.go:47	logDir:<log>   cacheDir:<cache>
2024-03-15T16:19:49.383+0800	[34mINFO[0m	clients/client_factory.go:47	logDir:<log>   cacheDir:<cache>
2024-03-15T16:21:17.179+0800	[34mINFO[0m	clients/client_factory.go:47	logDir:<log>   cacheDir:<cache>
2024-03-15T16:21:50.515+0800	[34mINFO[0m	clients/client_factory.go:47	logDir:<log>   cacheDir:<cache>
2024-03-15T16:26:41.056+0800	[34mINFO[0m	clients/client_factory.go:47	logDir:<log>   cacheDir:<cache>
2024-03-15T16:28:25.905+0800	[34mINFO[0m	clients/client_factory.go:47	logDir:<log>   cacheDir:<cache>
2024-03-15T16:35:27.487+0800	[34mINFO[0m	clients/client_factory.go:47	logDir:<log>   cacheDir:<cache>
2024-03-15T16:37:24.777+0800	[34mINFO[0m	clients/client_factory.go:47	logDir:<log>   cacheDir:<cache>
2024-03-15T16:49:52.294+0800	[34mINFO[0m	clients/client_factory.go:47	logDir:<log>   cacheDir:<cache>
2024-03-15T16:50:51.179+0800	[34mINFO[0m	clients/client_factory.go:47	logDir:<log>   cacheDir:<cache>
2024-03-15T16:52:03.023+0800	[34mINFO[0m	clients/client_factory.go:47	logDir:<log>   cacheDir:<cache>
2024-03-15T16:53:09.377+0800	[34mINFO[0m	clients/client_factory.go:47	logDir:<log>   cacheDir:<cache>
2024-03-15T17:07:57.774+0800	[34mINFO[0m	clients/client_factory.go:47	logDir:<log>   cacheDir:<cache>
2024-03-15T17:10:18.457+0800	[34mINFO[0m	clients/client_factory.go:47	logDir:<log>   cacheDir:<cache>
2024-03-15T17:11:37.601+0800	[34mINFO[0m	clients/client_factory.go:47	logDir:<log>   cacheDir:<cache>
2024-03-15T17:13:17.232+0800	[34mINFO[0m	clients/client_factory.go:47	logDir:<log>   cacheDir:<cache>
2024-03-15T17:16:18.725+0800	[34mINFO[0m	clients/client_factory.go:47	logDir:<log>   cacheDir:<cache>
2024-03-15T17:20:33.849+0800	[34mINFO[0m	clients/client_factory.go:47	logDir:<log>   cacheDir:<cache>
2024-03-15T18:57:33.347+0800	[34mINFO[0m	clients/client_factory.go:47	logDir:<log>   cacheDir:<cache>
2024-03-15T19:04:07.033+0800	[34mINFO[0m	clients/client_factory.go:47	logDir:<log>   cacheDir:<cache>
2024-03-15T19:05:34.507+0800	[34mINFO[0m	clients/client_factory.go:47	logDir:<log>   cacheDir:<cache>
2024-03-15T19:07:40.412+0800	[34mINFO[0m	clients/client_factory.go:47	logDir:<log>   cacheDir:<cache>
2024-03-15T19:08:00.472+0800	[34mINFO[0m	clients/client_factory.go:47	logDir:<log>   cacheDir:<cache>
2024-03-15T19:09:41.279+0800	[34mINFO[0m	clients/client_factory.go:47	logDir:<log>   cacheDir:<cache>
2024-03-15T19:10:25.943+0800	[34mINFO[0m	clients/client_factory.go:47	logDir:<log>   cacheDir:<cache>
2024-03-15T19:14:09.599+0800	[34mINFO[0m	clients/client_factory.go:47	logDir:<log>   cacheDir:<cache>
2024-03-15T19:26:36.501+0800	[34mINFO[0m	clients/client_factory.go:47	logDir:<log>   cacheDir:<cache>
2024-03-15T19:29:22.266+0800	[34mINFO[0m	clients/client_factory.go:47	logDir:<log>   cacheDir:<cache>
2024-03-15T19:34:54.305+0800	[34mINFO[0m	clients/client_factory.go:47	logDir:<log>   cacheDir:<cache>
2024-03-15T19:35:11.427+0800	[34mINFO[0m	clients/client_factory.go:47	logDir:<log>   cacheDir:<cache>
2024-03-15T19:43:30.149+0800	[34mINFO[0m	clients/client_factory.go:47	logDir:<log>   cacheDir:<cache>
2024-03-15T19:44:14.220+0800	[34mINFO[0m	clients/client_factory.go:47	logDir:<log>   cacheDir:<cache>
2024-03-15T19:44:48.652+0800	[34mINFO[0m	clients/client_factory.go:47	logDir:<log>   cacheDir:<cache>
2024-03-15T19:45:50.372+0800	[34mINFO[0m	clients/client_factory.go:47	logDir:<log>   cacheDir:<cache>
2024-03-15T19:46:15.228+0800	[34mINFO[0m	clients/client_factory.go:47	logDir:<log>   cacheDir:<cache>
2024-03-15T19:46:34.049+0800	[34mINFO[0m	clients/client_factory.go:47	logDir:<log>   cacheDir:<cache>
2024-03-15T21:34:11.133+0800	[34mINFO[0m	clients/client_factory.go:47	logDir:<log>   cacheDir:<cache>
2024-03-15T21:34:11.135+0800	[31mERROR[0m	nacos_server/nacos_server.go:199	api</v1/cs/configs>,method:<GET>, params:<{"dataId":"sss","group":"DEFAULT_GROUP"}>, call domain error:<Get "http://10.2.171.80:8088/nacos/v1/cs/configs?group=DEFAULT_GROUP&dataId=sss": dial tcp 10.2.171.80:8088: connect: connection refused> , result:<>
2024-03-15T21:34:11.135+0800	[31mERROR[0m	nacos_server/nacos_server.go:199	api</v1/cs/configs>,method:<GET>, params:<{"dataId":"sss","group":"DEFAULT_GROUP"}>, call domain error:<Get "http://10.2.171.80:8088/nacos/v1/cs/configs?dataId=sss&group=DEFAULT_GROUP": dial tcp 10.2.171.80:8088: connect: connection refused> , result:<>
2024-03-15T21:34:11.135+0800	[31mERROR[0m	nacos_server/nacos_server.go:199	api</v1/cs/configs>,method:<GET>, params:<{"dataId":"sss","group":"DEFAULT_GROUP"}>, call domain error:<Get "http://10.2.171.80:8088/nacos/v1/cs/configs?dataId=sss&group=DEFAULT_GROUP": dial tcp 10.2.171.80:8088: connect: connection refused> , result:<>
2024-03-15T21:34:11.135+0800	[31mERROR[0m	config_client/config_client.go:202	get config from server error:Get "http://10.2.171.80:8088/nacos/v1/cs/configs?dataId=sss&group=DEFAULT_GROUP": dial tcp 10.2.171.80:8088: connect: connection refused 
2024-03-15T21:34:11.181+0800	[34mINFO[0m	clients/client_factory.go:47	logDir:<log>   cacheDir:<cache>
2024-03-15T21:34:16.182+0800	[31mERROR[0m	nacos_server/nacos_server.go:199	api</v1/cs/configs>,method:<GET>, params:<{"dataId":"sss","group":"DEFAULT_GROUP"}>, call domain error:<Get "http://10.2.171.80:8088/nacos/v1/cs/configs?group=DEFAULT_GROUP&dataId=sss": context deadline exceeded (Client.Timeout exceeded while awaiting headers)> , result:<>
2024-03-15T21:34:21.184+0800	[31mERROR[0m	nacos_server/nacos_server.go:199	api</v1/cs/configs>,method:<GET>, params:<{"dataId":"sss","group":"DEFAULT_GROUP"}>, call domain error:<Get "http://10.2.171.80:8088/nacos/v1/cs/configs?dataId=sss&group=DEFAULT_GROUP": context deadline exceeded (Client.Timeout exceeded while awaiting headers)> , result:<>
2024-03-15T21:34:26.186+0800	[31mERROR[0m	nacos_server/nacos_server.go:199	api</v1/cs/configs>,method:<GET>, params:<{"dataId":"sss","group":"DEFAULT_GROUP"}>, call domain error:<Get "http://10.2.171.80:8088/nacos/v1/cs/configs?dataId=sss&group=DEFAULT_GROUP": context deadline exceeded (Client.Timeout exceeded while awaiting headers)> , result:<>
2024-03-15T21:34:26.186+0800	[31mERROR[0m	config_client/config_client.go:202	get config from server error:Get "http://10.2.171.80:8088/nacos/v1/cs/configs?dataId=sss&group=DEFAULT_GROUP": context deadline exceeded (Client.Timeout exceeded while awaiting headers) 
2024-03-16T08:42:55.062+0800	[34mINFO[0m	clients/client_factory.go:47	logDir:<log>   cacheDir:<cache>
2024-03-16T09:12:50.571+0800	[34mINFO[0m	clients/client_factory.go:47	logDir:<log>   cacheDir:<cache>
2024-03-16T09:30:57.161+0800	[34mINFO[0m	clients/client_factory.go:47	logDir:<log>   cacheDir:<cache>
2024-03-16T10:07:27.861+0800	[34mINFO[0m	clients/client_factory.go:47	logDir:<log>   cacheDir:<cache>
2024-03-16T10:07:44.292+0800	[34mINFO[0m	clients/client_factory.go:47	logDir:<log>   cacheDir:<cache>
2024-03-16T10:07:47.436+0800	[34mINFO[0m	clients/client_factory.go:47	logDir:<log>   cacheDir:<cache>
2024-03-16T10:37:32.264+0800	[34mINFO[0m	clients/client_factory.go:47	logDir:<log>   cacheDir:<cache>
2024-03-16T10:51:03.372+0800	[34mINFO[0m	clients/client_factory.go:47	logDir:<log>   cacheDir:<cache>
2024-03-16T10:55:18.836+0800	[34mINFO[0m	clients/client_factory.go:47	logDir:<log>   cacheDir:<cache>
2024-03-16T10:57:46.534+0800	[34mINFO[0m	clients/client_factory.go:47	logDir:<log>   cacheDir:<cache>
2024-03-16T10:58:38.121+0800	[34mINFO[0m	clients/client_factory.go:47	logDir:<log>   cacheDir:<cache>
2024-03-16T11:02:09.689+0800	[34mINFO[0m	clients/client_factory.go:47	logDir:<log>   cacheDir:<cache>
2024-03-16T13:03:10.666+0800	[34mINFO[0m	clients/client_factory.go:47	logDir:<log>   cacheDir:<cache>
2024-03-16T13:04:56.987+0800	[34mINFO[0m	clients/client_factory.go:47	logDir:<log>   cacheDir:<cache>
2024-03-16T19:52:25.414+0800	[34mINFO[0m	clients/client_factory.go:47	logDir:<log>   cacheDir:<cache>
2024-03-16T20:24:44.710+0800	[34mINFO[0m	clients/client_factory.go:47	logDir:<log>   cacheDir:<cache>
2024-03-16T20:27:09.224+0800	[34mINFO[0m	clients/client_factory.go:47	logDir:<log>   cacheDir:<cache>
2024-03-16T20:28:17.055+0800	[34mINFO[0m	clients/client_factory.go:47	logDir:<log>   cacheDir:<cache>
2024-03-16T21:29:09.637+0800	[34mINFO[0m	clients/client_factory.go:47	logDir:<log>   cacheDir:<cache>
2024-03-16T21:55:16.741+0800	[34mINFO[0m	clients/client_factory.go:47	logDir:<log>   cacheDir:<cache>
2024-03-16T21:56:37.732+0800	[34mINFO[0m	clients/client_factory.go:47	logDir:<log>   cacheDir:<cache>
2024-03-16T21:57:54.097+0800	[34mINFO[0m	clients/client_factory.go:47	logDir:<log>   cacheDir:<cache>
2024-03-16T22:00:14.703+0800	[34mINFO[0m	clients/client_factory.go:47	logDir:<log>   cacheDir:<cache>
2024-03-16T22:01:11.823+0800	[34mINFO[0m	clients/client_factory.go:47	logDir:<log>   cacheDir:<cache>
2024-03-16T22:02:30.871+0800	[34mINFO[0m	clients/client_factory.go:47	logDir:<log>   cacheDir:<cache>
2024-03-16T22:04:36.441+0800	[34mINFO[0m	clients/client_factory.go:47	logDir:<log>   cacheDir:<cache>
2024-03-16T22:06:37.913+0800	[34mINFO[0m	clients/client_factory.go:47	logDir:<log>   cacheDir:<cache>
2024-03-16T22:07:30.340+0800	[34mINFO[0m	clients/client_factory.go:47	logDir:<log>   cacheDir:<cache>
2024-03-16T22:08:17.136+0800	[34mINFO[0m	clients/client_factory.go:47	logDir:<log>   cacheDir:<cache>
2024-03-16T22:10:00.691+0800	[34mINFO[0m	clients/client_factory.go:47	logDir:<log>   cacheDir:<cache>
2024-03-16T22:11:49.051+0800	[34mINFO[0m	clients/client_factory.go:47	logDir:<log>   cacheDir:<cache>
2024-03-16T22:12:04.490+0800	[34mINFO[0m	clients/client_factory.go:47	logDir:<log>   cacheDir:<cache>
2024-03-16T22:12:27.310+0800	[34mINFO[0m	clients/client_factory.go:47	logDir:<log>   cacheDir:<cache>
2024-03-16T22:12:49.163+0800	[34mINFO[0m	clients/client_factory.go:47	logDir:<log>   cacheDir:<cache>
2024-03-16T22:25:31.549+0800	[34mINFO[0m	clients/client_factory.go:47	logDir:<log>   cacheDir:<cache>
2024-03-16T22:29:06.042+0800	[34mINFO[0m	clients/client_factory.go:47	logDir:<log>   cacheDir:<cache>
2024-03-16T22:50:38.859+0800	[34mINFO[0m	clients/client_factory.go:47	logDir:<log>   cacheDir:<cache>
